<?xml version="1.0" encoding="UTF-8"?>
<!-- Generated by org.testng.reporters.JUnitReportReporter -->
<testsuite skipped="0" hostname="LAPTOP-QU7UVLMV" name="org.testcases.Cls3" tests="5" failures="0" timestamp="22 Jul 2021 13:08:49 GMT" time="0.017" errors="0">
  <testcase name="tc13" time="0.003" classname="org.testcases.Cls3"/>
  <testcase name="tc12" time="0.003" classname="org.testcases.Cls3"/>
  <testcase name="tc15" time="0.004" classname="org.testcases.Cls3"/>
  <testcase name="tc14" time="0.005" classname="org.testcases.Cls3"/>
  <testcase name="tc11" time="0.002" classname="org.testcases.Cls3"/>
</testsuite> <!-- org.testcases.Cls3 -->
