<?xml version="1.0" encoding="UTF-8"?>
<!-- Generated by org.testng.reporters.JUnitReportReporter -->
<testsuite skipped="0" hostname="LAPTOP-QU7UVLMV" name="org.testcases.Cls2" tests="5" failures="0" timestamp="22 Jul 2021 13:08:49 GMT" time="0.014" errors="0">
  <testcase name="tc6" time="0.004" classname="org.testcases.Cls2"/>
  <testcase name="tc10" time="0.002" classname="org.testcases.Cls2"/>
  <testcase name="tc7" time="0.004" classname="org.testcases.Cls2"/>
  <testcase name="tc9" time="0.002" classname="org.testcases.Cls2"/>
  <testcase name="tc8" time="0.002" classname="org.testcases.Cls2"/>
</testsuite> <!-- org.testcases.Cls2 -->
