<?xml version="1.0" encoding="UTF-8"?>
<!-- Generated by org.testng.reporters.JUnitReportReporter -->
<testsuite skipped="0" hostname="LAPTOP-QU7UVLMV" name="org.testcases.Cls4" tests="5" failures="0" timestamp="22 Jul 2021 13:08:49 GMT" time="0.007" errors="0">
  <testcase name="tc18" time="0.001" classname="org.testcases.Cls4"/>
  <testcase name="tc17" time="0.001" classname="org.testcases.Cls4"/>
  <testcase name="tc16" time="0.000" classname="org.testcases.Cls4"/>
  <testcase name="tc20" time="0.001" classname="org.testcases.Cls4"/>
  <testcase name="tc19" time="0.004" classname="org.testcases.Cls4"/>
</testsuite> <!-- org.testcases.Cls4 -->
