<?xml version="1.0" encoding="UTF-8"?>
<!-- Generated by org.testng.reporters.JUnitReportReporter -->
<testsuite skipped="0" hostname="LAPTOP-QU7UVLMV" name="org.testcases.Cls5" tests="5" failures="0" timestamp="22 Jul 2021 13:08:49 GMT" time="0.006" errors="0">
  <testcase name="tc23" time="0.002" classname="org.testcases.Cls5"/>
  <testcase name="tc21" time="0.001" classname="org.testcases.Cls5"/>
  <testcase name="tc24" time="0.000" classname="org.testcases.Cls5"/>
  <testcase name="tc22" time="0.001" classname="org.testcases.Cls5"/>
  <testcase name="tc25" time="0.002" classname="org.testcases.Cls5"/>
</testsuite> <!-- org.testcases.Cls5 -->
