<?xml version="1.0" encoding="UTF-8"?>
<!-- Generated by org.testng.reporters.JUnitReportReporter -->
<testsuite skipped="2" hostname="LAPTOP-QU7UVLMV" name="org.testcases.Cls1" tests="6" failures="0" timestamp="22 Jul 2021 13:12:28 GMT" time="0.023" errors="0">
  <testcase name="tc4" time="0.007" classname="org.testcases.Cls1"/>
  <testcase name="tc2" time="0.001" classname="org.testcases.Cls1"/>
  <testcase name="tc3" time="0.002" classname="org.testcases.Cls1"/>
  <testcase name="tc3" time="0.013" classname="org.testcases.Cls1"/>
  <testcase name="tc5" classname="org.testcases.Cls1">
    <skipped/>
  </testcase> <!-- tc5 -->
  <testcase name="tc1" classname="org.testcases.Cls1">
    <skipped/>
  </testcase> <!-- tc1 -->
</testsuite> <!-- org.testcases.Cls1 -->
